<?xml version="1.0" encoding="UTF-8"?>
<testng-results ignored="0" total="1" passed="1" failed="0" skipped="0">
  <reporter-output>
  </reporter-output>
  <suite started-at="2022-12-14T13:15:31 IST" name="Default suite" finished-at="2022-12-14T13:15:32 IST" duration-ms="1305">
    <groups>
    </groups>
    <test started-at="2022-12-14T13:15:31 IST" name="Default test" finished-at="2022-12-14T13:15:32 IST" duration-ms="1305">
      <class name="Test.GetApiTest">
        <test-method is-config="true" signature="setup()[pri:0, instance:Test.GetApiTest@4cc451f2]" started-at="2022-12-14T13:15:31 IST" name="setup" finished-at="2022-12-14T13:15:31 IST" duration-ms="13" status="PASS">
          <reporter-output>
          </reporter-output>
        </test-method> <!-- setup -->
        <test-method signature="getApiTest()[pri:0, instance:Test.GetApiTest@4cc451f2]" started-at="2022-12-14T13:15:31 IST" name="getApiTest" finished-at="2022-12-14T13:15:32 IST" duration-ms="1213" status="PASS">
          <reporter-output>
          </reporter-output>
        </test-method> <!-- getApiTest -->
      </class> <!-- Test.GetApiTest -->
    </test> <!-- Default test -->
  </suite> <!-- Default suite -->
</testng-results>
